[debug] [2022-01-24T17:23:04.249Z] ----------------------------------------------------------------------
[debug] [2022-01-24T17:23:04.251Z] Command:       C:\Program Files\nodejs\node.exe C:\Users\gowth\AppData\Roaming\npm\node_modules\firebase-tools\lib\bin\firebase.js init
[debug] [2022-01-24T17:23:04.252Z] CLI Version:   9.18.0
[debug] [2022-01-24T17:23:04.252Z] Platform:      win32
[debug] [2022-01-24T17:23:04.252Z] Node Version:  v14.15.4
[debug] [2022-01-24T17:23:04.253Z] Time:          Mon Jan 24 2022 22:53:04 GMT+0530 (India Standard Time)
[debug] [2022-01-24T17:23:04.254Z] ----------------------------------------------------------------------
[debug] 
[debug] [2022-01-24T17:23:04.266Z] > command requires scopes: ["email","openid","https://www.googleapis.com/auth/cloudplatformprojects.readonly","https://www.googleapis.com/auth/firebase","https://www.googleapis.com/auth/cloud-platform"]
[debug] [2022-01-24T17:23:04.266Z] > authorizing via signed-in user (gowthamancode@gmail.com)
[info] 
     ######## #### ########  ######## ########     ###     ######  ########
     ##        ##  ##     ## ##       ##     ##  ##   ##  ##       ##
     ######    ##  ########  ######   ########  #########  ######  ######
     ##        ##  ##    ##  ##       ##     ## ##     ##       ## ##
     ##       #### ##     ## ######## ########  ##     ##  ######  ########

You're about to initialize a Firebase project in this directory:

  C:\Users\gowth\Desktop\Projects\fab-Client

[info] 
=== Project Setup
[info] 
[info] First, let's associate this project directory with a Firebase project.
[info] You can create multiple project aliases by running firebase use --add, 
[info] but for now we'll just set up a default project.
[info] 
[debug] [2022-01-24T17:23:21.767Z] > refreshing access token with scopes: []
[debug] [2022-01-24T17:23:21.768Z] >>> HTTP REQUEST POST https://www.googleapis.com/oauth2/v3/token  
 <request body omitted>
[debug] [2022-01-24T17:23:22.076Z] <<< HTTP RESPONSE 200 {"date":"Mon, 24 Jan 2022 17:23:22 GMT","cache-control":"no-cache, no-store, max-age=0, must-revalidate","expires":"Mon, 01 Jan 1990 00:00:00 GMT","pragma":"no-cache","content-type":"application/json; charset=utf-8","vary":"X-Origin, Referer, Origin,Accept-Encoding","server":"scaffolding on HTTPServer2","x-xss-protection":"0","x-frame-options":"SAMEORIGIN","x-content-type-options":"nosniff","alt-svc":"h3=\":443\"; ma=2592000,h3-29=\":443\"; ma=2592000,h3-Q050=\":443\"; ma=2592000,h3-Q046=\":443\"; ma=2592000,h3-Q043=\":443\"; ma=2592000,quic=\":443\"; ma=2592000; v=\"46,43\"","accept-ranges":"none","transfer-encoding":"chunked"}
[debug] [2022-01-24T17:23:22.105Z] >>> [apiv2][query] GET https://firebase.googleapis.com/v1beta1/projects pageSize=100
[debug] [2022-01-24T17:23:22.913Z] <<< [apiv2][status] GET https://firebase.googleapis.com/v1beta1/projects 200
[debug] [2022-01-24T17:23:22.913Z] <<< [apiv2][body] GET https://firebase.googleapis.com/v1beta1/projects [omitted]
